TN:
SF:/home/aneesh/DevOps/HW2/test.js
FNF:0
FNH:0
DA:1,1
DA:2,1
DA:3,1
DA:4,1
DA:5,1
DA:6,1
DA:7,1
DA:8,1
DA:9,1
DA:10,1
DA:11,1
DA:12,1
DA:13,1
DA:14,1
DA:15,1
DA:16,1
DA:17,1
DA:18,1
DA:19,1
DA:20,1
DA:21,1
DA:22,1
DA:23,1
DA:24,1
DA:25,1
DA:26,1
DA:27,1
DA:28,1
DA:29,1
DA:30,1
DA:31,1
DA:32,1
DA:33,1
DA:34,1
DA:35,1
DA:36,1
DA:37,1
DA:38,1
DA:39,1
DA:40,1
DA:41,1
DA:42,1
DA:43,1
DA:44,1
DA:45,1
DA:46,1
DA:47,1
DA:48,1
DA:49,1
DA:50,1
DA:51,1
DA:52,1
DA:53,1
DA:54,1
DA:55,1
DA:56,1
DA:57,1
DA:58,1
DA:59,1
DA:60,1
DA:61,1
DA:62,1
DA:63,1
DA:64,1
DA:65,1
DA:66,1
DA:67,1
DA:68,1
DA:69,1
DA:70,1
DA:71,1
DA:72,1
DA:73,1
DA:74,1
DA:75,1
DA:76,1
DA:77,1
LF:77
LH:77
BRF:0
BRH:0
end_of_record
TN:
SF:/home/aneesh/DevOps/HW2/subject.js
FN:3,inc
FN:12,weird
FN:40,fileTest
FN:64,normalize
FN:73,format
FN:88,blackListNumber
FNF:6
FNH:6
FNDA:5,inc
FNDA:38,weird
FNDA:9,fileTest
FNDA:5,normalize
FNDA:4,format
FNDA:1,blackListNumber
DA:1,1
DA:3,1
DA:4,5
DA:5,5
DA:7,2
DA:9,5
DA:12,1
DA:14,38
DA:16,10
DA:18,28
DA:20,14
DA:22,3
DA:24,11
DA:26,2
DA:31,14
DA:33,11
DA:36,22
DA:40,1
DA:42,9
DA:44,3
DA:47,6
DA:48,6
DA:50,3
DA:53,3
DA:55,2
DA:56,2
DA:58,1
DA:60,1
DA:64,1
DA:66,5
DA:73,1
DA:76,4
DA:77,4
DA:80,4
DA:81,20
DA:84,4
DA:88,1
DA:90,1
DA:91,1
DA:92,1
DA:94,0
DA:96,1
DA:99,1
DA:100,1
DA:101,1
DA:102,1
DA:103,1
DA:104,1
LF:48
LH:47
BRDA:4,1,0,3
BRDA:4,1,1,2
BRDA:5,2,0,2
BRDA:5,2,1,3
BRDA:14,3,0,10
BRDA:14,3,1,28
BRDA:14,4,0,38
BRDA:14,4,1,18
BRDA:18,5,0,14
BRDA:18,5,1,14
BRDA:20,6,0,3
BRDA:20,6,1,11
BRDA:24,7,0,2
BRDA:24,7,1,9
BRDA:31,8,0,11
BRDA:31,8,1,3
BRDA:42,9,0,3
BRDA:42,9,1,6
BRDA:48,10,0,3
BRDA:48,10,1,3
BRDA:53,11,0,2
BRDA:53,11,1,1
BRDA:56,12,0,1
BRDA:56,12,1,1
BRDA:76,13,0,4
BRDA:76,13,1,0
BRDA:76,14,0,4
BRDA:76,14,1,2
BRDA:92,15,0,0
BRDA:92,15,1,1
BRF:30
BRH:28
end_of_record
